<?xml version="1.0" encoding="UTF-8"?>
<testng-results skipped="0" failed="0" total="10" passed="10">
  <reporter-output>
  </reporter-output>
  <suite name="Suite" duration-ms="18196" started-at="2017-03-09T06:20:41Z" finished-at="2017-03-09T06:20:59Z">
    <groups>
    </groups>
    <test name="Test" duration-ms="18196" started-at="2017-03-09T06:20:41Z" finished-at="2017-03-09T06:20:59Z">
      <class name="test.RepositoryPageTest">
        <test-method status="PASS" signature="beforeClass()[pri:0, instance:test.RepositoryPageTest@7823a2f9]" name="beforeClass" is-config="true" duration-ms="19" started-at="2017-03-08T22:20:50Z" finished-at="2017-03-08T22:20:50Z">
          <reporter-output>
          </reporter-output>
        </test-method> <!-- beforeClass -->
        <test-method status="PASS" signature="clickGithubFolder()[pri:4, instance:test.RepositoryPageTest@7823a2f9]" name="clickGithubFolder" duration-ms="338" started-at="2017-03-08T22:20:50Z" finished-at="2017-03-08T22:20:50Z">
          <reporter-output>
          </reporter-output>
        </test-method> <!-- clickGithubFolder -->
        <test-method status="PASS" signature="clickSrcCom()[pri:5, instance:test.RepositoryPageTest@7823a2f9]" name="clickSrcCom" duration-ms="724" started-at="2017-03-08T22:20:50Z" finished-at="2017-03-08T22:20:51Z">
          <reporter-output>
          </reporter-output>
        </test-method> <!-- clickSrcCom -->
        <test-method status="PASS" signature="clickArrays()[pri:6, instance:test.RepositoryPageTest@7823a2f9]" name="clickArrays" duration-ms="630" started-at="2017-03-08T22:20:51Z" finished-at="2017-03-08T22:20:52Z">
          <reporter-output>
          </reporter-output>
        </test-method> <!-- clickArrays -->
        <test-method status="PASS" signature="clickUploadFiles()[pri:7, instance:test.RepositoryPageTest@7823a2f9]" name="clickUploadFiles" duration-ms="2240" started-at="2017-03-08T22:20:52Z" finished-at="2017-03-08T22:20:54Z">
          <reporter-output>
          </reporter-output>
        </test-method> <!-- clickUploadFiles -->
        <test-method status="PASS" signature="clickChooseFiles()[pri:8, instance:test.RepositoryPageTest@7823a2f9]" name="clickChooseFiles" duration-ms="1106" started-at="2017-03-08T22:20:54Z" finished-at="2017-03-08T22:20:55Z">
          <reporter-output>
          </reporter-output>
        </test-method> <!-- clickChooseFiles -->
        <test-method status="PASS" signature="fileUpload()[pri:9, instance:test.RepositoryPageTest@7823a2f9]" name="fileUpload" duration-ms="295" started-at="2017-03-08T22:20:55Z" finished-at="2017-03-08T22:20:55Z">
          <reporter-output>
          </reporter-output>
        </test-method> <!-- fileUpload -->
        <test-method status="PASS" signature="clickCommit()[pri:10, instance:test.RepositoryPageTest@7823a2f9]" name="clickCommit" duration-ms="3853" started-at="2017-03-08T22:20:55Z" finished-at="2017-03-08T22:20:59Z">
          <reporter-output>
          </reporter-output>
        </test-method> <!-- clickCommit -->
      </class> <!-- test.RepositoryPageTest -->
      <class name="test.LoginPageTest">
        <test-method status="PASS" signature="beforeClass()[pri:0, instance:test.LoginPageTest@1b604f19]" name="beforeClass" is-config="true" duration-ms="2" started-at="2017-03-08T22:20:43Z" finished-at="2017-03-08T22:20:43Z">
          <reporter-output>
          </reporter-output>
        </test-method> <!-- beforeClass -->
        <test-method status="PASS" signature="login()[pri:2, instance:test.LoginPageTest@1b604f19]" name="login" duration-ms="4075" started-at="2017-03-08T22:20:43Z" finished-at="2017-03-08T22:20:47Z">
          <reporter-output>
          </reporter-output>
        </test-method> <!-- login -->
        <test-method status="PASS" signature="clickRepo()[pri:3, instance:test.LoginPageTest@1b604f19]" name="clickRepo" duration-ms="2821" started-at="2017-03-08T22:20:47Z" finished-at="2017-03-08T22:20:50Z">
          <reporter-output>
          </reporter-output>
        </test-method> <!-- clickRepo -->
      </class> <!-- test.LoginPageTest -->
      <class name="test.GitHomePageTest">
        <test-method status="PASS" signature="beforeTest()[pri:0, instance:test.GitHomePageTest@1593948d]" name="beforeTest" is-config="true" duration-ms="15054" started-at="2017-03-08T22:20:26Z" finished-at="2017-03-08T22:20:41Z">
          <reporter-output>
          </reporter-output>
        </test-method> <!-- beforeTest -->
        <test-method status="PASS" signature="beforeClass()[pri:0, instance:test.GitHomePageTest@1593948d]" name="beforeClass" is-config="true" duration-ms="37" started-at="2017-03-08T22:20:41Z" finished-at="2017-03-08T22:20:41Z">
          <reporter-output>
          </reporter-output>
        </test-method> <!-- beforeClass -->
        <test-method status="PASS" signature="clickLogin()[pri:1, instance:test.GitHomePageTest@1593948d]" name="clickLogin" duration-ms="2012" started-at="2017-03-08T22:20:41Z" finished-at="2017-03-08T22:20:43Z">
          <reporter-output>
          </reporter-output>
        </test-method> <!-- clickLogin -->
        <test-method status="PASS" signature="afterTest()[pri:0, instance:test.GitHomePageTest@1593948d]" name="afterTest" is-config="true" duration-ms="46" started-at="2017-03-08T22:20:59Z" finished-at="2017-03-08T22:20:59Z">
          <reporter-output>
          </reporter-output>
        </test-method> <!-- afterTest -->
      </class> <!-- test.GitHomePageTest -->
    </test> <!-- Test -->
  </suite> <!-- Suite -->
</testng-results>
