<?xml version="1.0" encoding="UTF-8"?>
<!-- Generated by org.testng.reporters.JUnitXMLReporter -->
<testsuite hostname="family" name="Test" tests="10" failures="0" timestamp="9 Mar 2017 06:20:59 GMT" time="18.196" errors="0">
  <testcase name="clickLogin" time="2.012" classname="test.GitHomePageTest"/>
  <testcase name="login" time="4.075" classname="test.LoginPageTest"/>
  <testcase name="clickRepo" time="2.821" classname="test.LoginPageTest"/>
  <testcase name="clickGithubFolder" time="0.338" classname="test.RepositoryPageTest"/>
  <testcase name="clickSrcCom" time="0.724" classname="test.RepositoryPageTest"/>
  <testcase name="clickArrays" time="0.63" classname="test.RepositoryPageTest"/>
  <testcase name="clickUploadFiles" time="2.24" classname="test.RepositoryPageTest"/>
  <testcase name="clickChooseFiles" time="1.106" classname="test.RepositoryPageTest"/>
  <testcase name="fileUpload" time="0.295" classname="test.RepositoryPageTest"/>
  <testcase name="clickCommit" time="3.853" classname="test.RepositoryPageTest"/>
</testsuite> <!-- Test -->
